2016/05/15 0:12:14 にビルドを開始しました。
     1>ノード 3 上のプロジェクト "D:\work\izanagi\Libs\project\vs2013\Math.vcxproj" (Build ターゲット)。
     1>ClCompile:
         C:\Program Files (x86)\Microsoft Visual Studio 12.0\VC\bin\CL.exe /c /I../../include /I..\..\..\External\glew\include /I..\..\..\External\freeglut\include /Zi /nologo /W3 /WX- /O2 /Oy- /D WIN32 /D NDEBUG /D _LIB /D __IZ_OGL__ /D __IZ_GLUT__ /D __IZANAGI_NO_USE_D3D__ /D _XKEYCHECK_H /D _MBCS /Gm- /EHsc /MT /GS /fp:precise /Zc:wchar_t /Zc:forScope /Fo"Win32\Release_OGL\\" /Fd"D:\work\izanagi\Libs\project\vs2013\..\lib\Win32\Release_OGL\Math.pdb" /Gd /TP /wd4819 /analyze- /errorReport:prompt ..\..\source\math\MathCurve.cpp ..\..\source\math\MathMatrix33.cpp ..\..\source\math\MathMatrix44.cpp ..\..\source\math\MathPlane.cpp ..\..\source\math\MathRay.cpp ..\..\source\math\MathRectangle.cpp ..\..\source\math\MathTriangle.cpp ..\..\source\math\SFMT\SFMT.cpp ..\..\source\math\MathNumericalAnlysis.cpp
         MathCurve.cpp
         MathMatrix33.cpp
         MathMatrix44.cpp
         MathPlane.cpp
         MathRay.cpp
         MathRectangle.cpp
         MathTriangle.cpp
         SFMT.cpp
         MathNumericalAnlysis.cpp
         コードを生成中...
       Lib:
         C:\Program Files (x86)\Microsoft Visual Studio 12.0\VC\bin\Lib.exe /OUT:"D:\work\izanagi\Libs\project\vs2013\..\lib\Win32\Release_OGL\Math.lib" /NOLOGO Win32\Release_OGL\MathCurve.obj
         Win32\Release_OGL\MathMatrix33.obj
         Win32\Release_OGL\MathMatrix44.obj
         Win32\Release_OGL\MathPlane.obj
         Win32\Release_OGL\MathRay.obj
         Win32\Release_OGL\MathRectangle.obj
         Win32\Release_OGL\MathTriangle.obj
         Win32\Release_OGL\SFMT.obj
         Win32\Release_OGL\MathNumericalAnlysis.obj
         Math.vcxproj -> D:\work\izanagi\Libs\project\vs2013\..\lib\Win32\Release_OGL\Math.lib
     1>プロジェクト "D:\work\izanagi\Libs\project\vs2013\Math.vcxproj" (Build ターゲット) のビルドが完了しました。

ビルドに成功しました。

経過時間 00:00:02.60
