2016/05/15 0:12:20 にビルドを開始しました。
     1>ノード 2 上のプロジェクト "D:\work\izanagi\Libs\project\vs2013\ThreadModel.vcxproj" (Build ターゲット)。
     1>C:\Program Files (x86)\MSBuild\Microsoft.Cpp\v4.0\V120\Microsoft.CppBuild.targets(388,5): warning MSB8028: The intermediate directory (Win32\Release_OGL\) contains files shared from another project (Graph.vcxproj, Math.vcxproj, SceneGraph.vcxproj, Std.vcxproj, System.vcxproj).  This can lead to incorrect clean and rebuild behavior.
     1>ClCompile:
         C:\Program Files (x86)\Microsoft Visual Studio 12.0\VC\bin\CL.exe /c /I../../include /I..\..\..\External\glew\include /I..\..\..\External\freeglut\include /Zi /nologo /W3 /WX- /O2 /Oy- /D WIN32 /D NDEBUG /D _LIB /D __IZ_OGL__ /D __IZ_GLUT__ /D __IZANAGI_NO_USE_D3D__ /D _XKEYCHECK_H /D _MBCS /Gm- /EHsc /MT /GS /fp:precise /Zc:wchar_t /Zc:forScope /Fo"Win32\Release_OGL\\" /Fd"D:\work\izanagi\Libs\project\vs2013\..\lib\Win32\Release_OGL\ThreadModel.pdb" /Gd /TP /wd4819 /analyze- /errorReport:prompt ..\..\source\threadmodel\Parallel.cpp ..\..\source\threadmodel\ThreadModelJob.cpp ..\..\source\threadmodel\ThreadModelJobQueue.cpp ..\..\source\threadmodel\ThreadModelJobWorker.cpp ..\..\source\threadmodel\ThreadModelMessageQueue.cpp ..\..\source\threadmodel\ThreadModelTask.cpp ..\..\source\threadmodel\ThreadPool.cpp ..\..\source\threadmodel\TimerThread.cpp
         Parallel.cpp
         ThreadModelJob.cpp
         ThreadModelJobQueue.cpp
         ThreadModelJobWorker.cpp
         ThreadModelMessageQueue.cpp
         ThreadModelTask.cpp
         ThreadPool.cpp
         TimerThread.cpp
         コードを生成中...
       Lib:
         C:\Program Files (x86)\Microsoft Visual Studio 12.0\VC\bin\Lib.exe /OUT:"D:\work\izanagi\Libs\project\vs2013\..\lib\Win32\Release_OGL\ThreadModel.lib" /NOLOGO Win32\Release_OGL\Parallel.obj
         Win32\Release_OGL\ThreadModelJob.obj
         Win32\Release_OGL\ThreadModelJobQueue.obj
         Win32\Release_OGL\ThreadModelJobWorker.obj
         Win32\Release_OGL\ThreadModelMessageQueue.obj
         Win32\Release_OGL\ThreadModelTask.obj
         Win32\Release_OGL\ThreadPool.obj
         Win32\Release_OGL\TimerThread.obj
         ThreadModel.vcxproj -> D:\work\izanagi\Libs\project\vs2013\..\lib\Win32\Release_OGL\ThreadModel.lib
     1>プロジェクト "D:\work\izanagi\Libs\project\vs2013\ThreadModel.vcxproj" (Build ターゲット) のビルドが完了しました。

ビルドに成功しました。

経過時間 00:00:07.60
