2016/05/04 13:03:55 にビルドを開始しました。
     1>ノード 2 上のプロジェクト "D:\work\izanagi\Libs\project\vs2013\DebugUtil.vcxproj" (Build ターゲット)。
     1>C:\Program Files (x86)\MSBuild\Microsoft.Cpp\v4.0\V120\Microsoft.CppBuild.targets(388,5): warning MSB8028: The intermediate directory (Debug_OGL\) contains files shared from another project (Animation.vcxproj, Collision.vcxproj, Graph.vcxproj, Math.vcxproj, Network.vcxproj, PostEffect.vcxproj, Resource.vcxproj, SceneGraph.vcxproj, Shader.vcxproj, Std.vcxproj, System.vcxproj, Terra.vcxproj, Text.vcxproj, ThreadModel.vcxproj, UI.vcxproj).  This can lead to incorrect clean and rebuild behavior.
     1>ClCompile:
         C:\Program Files (x86)\Microsoft Visual Studio 12.0\VC\bin\CL.exe /c /I../../include /I..\..\..\External\glew\include /I..\..\..\External\freeglut\include /Zi /nologo /W3 /WX- /Od /Oy- /D WIN32 /D _DEBUG /D _LIB /D __IZ_DEBUG__ /D __IZ_OGL__ /D __IZ_GLUT__ /D __IZANAGI_NO_USE_D3D__ /D _XKEYCHECK_H /D _MBCS /Gm /EHsc /RTC1 /MTd /GS /fp:precise /Zc:wchar_t /Zc:forScope /Fo"Debug_OGL\\" /Fd"D:\work\izanagi\Libs\project\vs2013\..\lib\Debug_OGL\DebugUtil.pdb" /Gd /TP /wd4819 /analyze- /errorReport:prompt ..\..\source\debugutil\DebugFont.cpp ..\..\source\debugutil\mesh\DebugMesh.cpp ..\..\source\debugutil\mesh\DebugMeshAxis.cpp ..\..\source\debugutil\mesh\DebugMeshBox.cpp ..\..\source\debugutil\mesh\DebugMeshCylinder.cpp ..\..\source\debugutil\mesh\DebugMeshFrustum.cpp ..\..\source\debugutil\mesh\DebugMeshGrid.cpp ..\..\source\debugutil\mesh\DebugMeshRectangle.cpp ..\..\source\debugutil\mesh\DebugMeshScreenFillPlane.cpp ..\..\source\debugutil\mesh\DebugMeshSphere.cpp ..\..\source\debugutil\mesh\DebugMeshTorus.cpp ..\..\source\debugutil\mesh\DebugMeshWiredBox.cpp
         DebugFont.cpp
         コードを生成中...
         スキップ中... (関連する変更は検出されませんでした)
         DebugMeshWiredBox.cpp
         DebugMeshTorus.cpp
         DebugMeshSphere.cpp
         DebugMeshScreenFillPlane.cpp
         DebugMeshRectangle.cpp
         DebugMeshGrid.cpp
         DebugMeshFrustum.cpp
         DebugMeshCylinder.cpp
         DebugMeshBox.cpp
         DebugMeshAxis.cpp
         DebugMesh.cpp
       Lib:
         C:\Program Files (x86)\Microsoft Visual Studio 12.0\VC\bin\Lib.exe /OUT:"D:\work\izanagi\Libs\project\vs2013\..\lib\Debug_OGL\DebugUtil.lib" /NOLOGO Debug_OGL\DebugFont.obj
         Debug_OGL\DebugMesh.obj
         Debug_OGL\DebugMeshAxis.obj
         Debug_OGL\DebugMeshBox.obj
         Debug_OGL\DebugMeshCylinder.obj
         Debug_OGL\DebugMeshFrustum.obj
         Debug_OGL\DebugMeshGrid.obj
         Debug_OGL\DebugMeshRectangle.obj
         Debug_OGL\DebugMeshScreenFillPlane.obj
         Debug_OGL\DebugMeshSphere.obj
         Debug_OGL\DebugMeshTorus.obj
         Debug_OGL\DebugMeshWiredBox.obj
         DebugUtil.vcxproj -> D:\work\izanagi\Libs\project\vs2013\..\lib\Debug_OGL\DebugUtil.lib
     1>プロジェクト "D:\work\izanagi\Libs\project\vs2013\DebugUtil.vcxproj" (Build ターゲット) のビルドが完了しました。

ビルドに成功しました。

経過時間 00:00:01.33
