C:\Program Files (x86)\MSBuild\Microsoft.Cpp\v4.0\V140\Microsoft.CppBuild.targets(392,5): warning MSB8028: The intermediate directory (x64\Debug_DX9\) contains files shared from another project (DebugUtil.vcxproj, Graph.vcxproj, Math.vcxproj, PostEffect.vcxproj, SceneGraph.vcxproj).  This can lead to incorrect clean and rebuild behavior.
  STLMemoryAllocator.cpp
  StandardMemoryAllocator.cpp
..\..\source\std\allocator\StandardMemoryAllocator.cpp(108): warning C4267: '初期化中': 'size_t' から 'IZ_UINT' に変換しました。データが失われているかもしれません。
..\..\source\std\allocator\StandardMemoryAllocator.cpp(279): warning C4244: '引数': 'IZ_UINT64' から 'IZ_UINT' への変換です。データが失われる可能性があります。
..\..\source\std\allocator\StandardMemoryAllocator.cpp(377): warning C4244: '引数': 'IZ_UINT64' から 'IZ_UINT' への変換です。データが失われる可能性があります。
  SimpleMemoryAllocator.cpp
  ChunkedMemoryAllocator.cpp
  StdUtf.cpp
  StdProfiler.cpp
  StdLog.cpp
  StdKey.cpp
  StdColor.cpp
  StdBitStream.cpp
  StdBase64.cpp
..\..\source\std\StdBase64.cpp(195): warning C4244: '初期化中': 'IZ_UINT64' から 'IZ_UINT' への変換です。データが失われる可能性があります。
..\..\source\std\StdBase64.cpp(261): warning C4244: '初期化中': 'IZ_UINT64' から 'IZ_UINT' への変換です。データが失われる可能性があります。
  DependencyPropertyChangedEventArgs.cpp
  DependencyObject.cpp
D:\work\izanagi\Libs\include\std/collection/StdHash.h(47): warning C4311: '型キャスト': ポインターを 'izanagi::DependencyProperty *const ' から 'IZ_UINT' へ切り詰めます。
  D:\work\izanagi\Libs\include\std/collection/StdHash.h(46): note: クラス テンプレート のメンバー関数 'izanagi::CStdList<izanagi::CStdHashBase<_KEY,_T,izanagi::CStdHash<_KEY,_T,8>>::Item> *izanagi::CStdHash<_KEY,_T,8>::GetHashListInternal(const _KEY &)' のコンパイル中
          with
          [
              _KEY=izanagi::DependencyProperty *,
              _T=izanagi::DependencyObjectBase::Element
          ]
  D:\work\izanagi\Libs\include\std/collection/StdHash.h(18): note: コンパイル対象の関数 テンプレート インスタンス化 'izanagi::CStdList<izanagi::CStdHashBase<_KEY,_T,izanagi::CStdHash<_KEY,_T,8>>::Item> *izanagi::CStdHash<_KEY,_T,8>::GetHashListInternal(const _KEY &)' のリファレンスを確認してください
          with
          [
              _KEY=izanagi::DependencyProperty *,
              _T=izanagi::DependencyObjectBase::Element
          ]
  D:\work\izanagi\Libs\include\std/binding/DependencyObject.h(25): note: コンパイル対象のクラス テンプレート インスタンス化 'izanagi::CStdHash<izanagi::DependencyProperty *,izanagi::DependencyObjectBase::Element,8>' のリファレンスを確認してください
D:\work\izanagi\Libs\include\std/collection/StdHash.h(47): warning C4302: '型キャスト': 'izanagi::DependencyProperty *const ' から 'IZ_UINT' へ切り詰めます。
  BindingOperations.cpp
D:\work\izanagi\Libs\include\std/collection/StdHash.h(47): warning C4311: '型キャスト': ポインターを 'izanagi::DependencyProperty *const ' から 'IZ_UINT' へ切り詰めます。
  D:\work\izanagi\Libs\include\std/collection/StdHash.h(46): note: クラス テンプレート のメンバー関数 'izanagi::CStdList<izanagi::CStdHashBase<_KEY,_T,izanagi::CStdHash<_KEY,_T,5>>::Item> *izanagi::CStdHash<_KEY,_T,5>::GetHashListInternal(const _KEY &)' のコンパイル中
          with
          [
              _KEY=izanagi::DependencyProperty *,
              _T=izanagi::BindingExpression
          ]
  D:\work\izanagi\Libs\include\std/collection/StdHash.h(18): note: コンパイル対象の関数 テンプレート インスタンス化 'izanagi::CStdList<izanagi::CStdHashBase<_KEY,_T,izanagi::CStdHash<_KEY,_T,5>>::Item> *izanagi::CStdHash<_KEY,_T,5>::GetHashListInternal(const _KEY &)' のリファレンスを確認してください
          with
          [
              _KEY=izanagi::DependencyProperty *,
              _T=izanagi::BindingExpression
          ]
  D:\work\izanagi\Libs\include\std/binding/BindingExpression.h(61): note: コンパイル対象のクラス テンプレート インスタンス化 'izanagi::CStdHash<izanagi::DependencyProperty *,izanagi::BindingExpression,5>' のリファレンスを確認してください
D:\work\izanagi\Libs\include\std/collection/StdHash.h(47): warning C4302: '型キャスト': 'izanagi::DependencyProperty *const ' から 'IZ_UINT' へ切り詰めます。
  BindingExpression.cpp
  Binding.cpp
  MemoryAllocator.cpp
  BlockMemoryAllocator.cpp
..\..\source\std\allocator\BlockMemoryAllocator.cpp(86): warning C4267: '初期化中': 'size_t' から 'IZ_UINT' に変換しました。データが失われているかもしれません。
  コードを生成中...
Binding.obj : warning LNK4221: このオブジェクト ファイルは、以前に未定義であったパブリック シンボルを定義していないため、このライブラリを使用するリンク操作では使用されません
  Std.vcxproj -> D:\work\izanagi\Libs\project\vs2015\..\lib\x64\Debug_DX9\Std.lib
