2016/05/03 2:29:24 にビルドを開始しました。
     1>ノード 3 上のプロジェクト "D:\work\izanagi\Libs\project\vs2013\PostEffect.vcxproj" (Build ターゲット)。
     1>C:\Program Files (x86)\MSBuild\Microsoft.Cpp\v4.0\V120\Microsoft.CppBuild.targets(388,5): warning MSB8028: The intermediate directory (Debug_DX9\) contains files shared from another project (Animation.vcxproj, Collision.vcxproj, DebugUtil.vcxproj, Graph.vcxproj, Math.vcxproj, Network.vcxproj, Resource.vcxproj, SceneGraph.vcxproj, Shader.vcxproj, Std.vcxproj, System.vcxproj, Terra.vcxproj, Text.vcxproj, ThreadModel.vcxproj, UI.vcxproj).  This can lead to incorrect clean and rebuild behavior.
     1>ClCompile:
         C:\Program Files (x86)\Microsoft Visual Studio 12.0\VC\bin\CL.exe /c /I../../include /Zi /nologo /W3 /WX- /Od /Oy- /D WIN32 /D _DEBUG /D _LIB /D D3D_DEBUG_INFO /D __IZ_DEBUG__ /D __IZ_DX9__ /D _XKEYCHECK_H /D _MBCS /Gm /EHsc /RTC1 /MTd /GS /fp:precise /Zc:wchar_t /Zc:forScope /Fo"Debug_DX9\\" /Fd"D:\work\izanagi\Libs\project\vs2013\..\lib\Debug_DX9\PostEffect.pdb" /Gd /TP /wd4819 /analyze- /errorReport:prompt ..\..\source\posteffect\PostEffect.cpp ..\..\source\posteffect\PostEffectShader.cpp ..\..\source\posteffect\PostEffectShaderPass.cpp ..\..\source\posteffect\PostEffectSystem.cpp ..\..\source\posteffect\PostEffectTextureCreator.cpp ..\..\source\posteffect\functor\PostEffectFunctor.cpp ..\..\source\posteffect\functor\PostEffectFunctorDefault.cpp ..\..\source\posteffect\functor\PostEffectFunctorDOF.cpp ..\..\source\posteffect\functor\PostEffectFunctorMGF.cpp ..\..\source\posteffect\functor\PostEffectFunctorRenderStar.cpp ..\..\source\posteffect\functor\PostEffectFunctorSwitchTex.cpp ..\..\source\posteffect\util\PostEffectShaderUtil.cpp ..\..\source\posteffect\util\PostEffectUtilityRect.cpp ..\..\source\posteffect\vs\PostEffectVS.cpp ..\..\source\posteffect\vs\PostEffectVSManager.cpp
         PostEffectVSManager.cpp
         PostEffectVS.cpp
         PostEffectUtilityRect.cpp
         PostEffectShaderUtil.cpp
         PostEffectFunctorSwitchTex.cpp
         PostEffectFunctorRenderStar.cpp
         PostEffectFunctorMGF.cpp
         PostEffectFunctorDOF.cpp
         PostEffectFunctorDefault.cpp
         PostEffectFunctor.cpp
         PostEffectTextureCreator.cpp
         PostEffectSystem.cpp
         PostEffectShaderPass.cpp
         PostEffectShader.cpp
         PostEffect.cpp
         コードを生成中...
       Lib:
         C:\Program Files (x86)\Microsoft Visual Studio 12.0\VC\bin\Lib.exe /OUT:"D:\work\izanagi\Libs\project\vs2013\..\lib\Debug_DX9\PostEffect.lib" /NOLOGO Debug_DX9\PostEffect.obj
         Debug_DX9\PostEffectShader.obj
         Debug_DX9\PostEffectShaderPass.obj
         Debug_DX9\PostEffectSystem.obj
         Debug_DX9\PostEffectTextureCreator.obj
         Debug_DX9\PostEffectFunctor.obj
         Debug_DX9\PostEffectFunctorDefault.obj
         Debug_DX9\PostEffectFunctorDOF.obj
         Debug_DX9\PostEffectFunctorMGF.obj
         Debug_DX9\PostEffectFunctorRenderStar.obj
         Debug_DX9\PostEffectFunctorSwitchTex.obj
         Debug_DX9\PostEffectShaderUtil.obj
         Debug_DX9\PostEffectUtilityRect.obj
         Debug_DX9\PostEffectVS.obj
         Debug_DX9\PostEffectVSManager.obj
     1>PostEffectShaderUtil.obj : warning LNK4221: このオブジェクト ファイルは、以前に未定義であったパブリック シンボルを定義していないため、このライブラリを使用するリンク操作では使用されません
         PostEffect.vcxproj -> D:\work\izanagi\Libs\project\vs2013\..\lib\Debug_DX9\PostEffect.lib
     1>プロジェクト "D:\work\izanagi\Libs\project\vs2013\PostEffect.vcxproj" (Build ターゲット) のビルドが完了しました。

ビルドに成功しました。

経過時間 00:00:12.22
