2016/05/04 12:53:14 にビルドを開始しました。
     1>ノード 4 上のプロジェクト "D:\work\izanagi\Libs\project\vs2013\SceneGraph.vcxproj" (Build ターゲット)。
     1>C:\Program Files (x86)\MSBuild\Microsoft.Cpp\v4.0\V120\Microsoft.CppBuild.targets(388,5): warning MSB8028: The intermediate directory (Debug_DX9\) contains files shared from another project (Animation.vcxproj, Collision.vcxproj, DebugUtil.vcxproj, Graph.vcxproj, Math.vcxproj, Network.vcxproj, PostEffect.vcxproj, Resource.vcxproj, Shader.vcxproj, Std.vcxproj, System.vcxproj, Terra.vcxproj, Text.vcxproj, ThreadModel.vcxproj, UI.vcxproj).  This can lead to incorrect clean and rebuild behavior.
     1>ClCompile:
         C:\Program Files (x86)\Microsoft Visual Studio 12.0\VC\bin\CL.exe /c /I../../include /Zi /nologo /W3 /WX- /Od /Oy- /D WIN32 /D _DEBUG /D _LIB /D D3D_DEBUG_INFO /D __IZ_DEBUG__ /D __IZ_DX9__ /D _XKEYCHECK_H /D _MBCS /Gm /EHsc /RTC1 /MTd /GS /fp:precise /Zc:wchar_t /Zc:forScope /Fo"Debug_DX9\\" /Fd"D:\work\izanagi\Libs\project\vs2013\..\lib\Debug_DX9\SceneGraph.pdb" /Gd /TP /wd4819 /analyze- /errorReport:prompt ..\..\source\scenegraph\Camera.cpp ..\..\source\scenegraph\Decal.cpp ..\..\source\scenegraph\SceneGraphUtil.cpp ..\..\source\scenegraph\SceneState.cpp ..\..\source\scenegraph\VectorCamera.cpp ..\..\source\scenegraph\anm\AnimationBinder.cpp ..\..\source\scenegraph\anm\AnimationInterp.cpp ..\..\source\scenegraph\anm\AnimationLinearBlender.cpp ..\..\source\scenegraph\anm\AnimationUtil.cpp ..\..\source\scenegraph\anm\PoseUpdater.cpp ..\..\source\scenegraph\anm\izAnimation.cpp ..\..\source\scenegraph\img\izImage.cpp ..\..\source\scenegraph\mdl\izModel.cpp ..\..\source\scenegraph\msh\MeshInstance.cpp ..\..\source\scenegraph\msh\MeshSetInstance.cpp ..\..\source\scenegraph\msh\MshMeshGroup.cpp ..\..\source\scenegraph\msh\MshMeshSet.cpp ..\..\source\scenegraph\msh\MshPrimitiveSet.cpp ..\..\source\scenegraph\msh\izMesh.cpp ..\..\source\scenegraph\mtrl\izMaterial.cpp ..\..\source\scenegraph\rendergraph\RenderGraph.cpp ..\..\source\scenegraph\rendergraph\SceneRenderer.cpp ..\..\source\scenegraph\skl\SkeletonInstance.cpp ..\..\source\scenegraph\skl\SkeletonUtil.cpp ..\..\source\scenegraph\skl\izSkeleton.cpp
         Camera.cpp
         コードを生成中...
         コンパイル中...
         izSkeleton.cpp
         SkeletonUtil.cpp
         SkeletonInstance.cpp
         SceneRenderer.cpp
         RenderGraph.cpp
         izMaterial.cpp
         izMesh.cpp
         MshPrimitiveSet.cpp
         MshMeshSet.cpp
         MshMeshGroup.cpp
         MeshSetInstance.cpp
         MeshInstance.cpp
         izModel.cpp
         izImage.cpp
         izAnimation.cpp
         PoseUpdater.cpp
         AnimationUtil.cpp
         AnimationLinearBlender.cpp
         AnimationInterp.cpp
         AnimationBinder.cpp
         コードを生成中...
         コンパイル中...
         VectorCamera.cpp
         SceneState.cpp
         SceneGraphUtil.cpp
         Decal.cpp
         コードを生成中...
       Lib:
         C:\Program Files (x86)\Microsoft Visual Studio 12.0\VC\bin\Lib.exe /OUT:"D:\work\izanagi\Libs\project\vs2013\..\lib\Debug_DX9\SceneGraph.lib" /NOLOGO Debug_DX9\Camera.obj
         Debug_DX9\Decal.obj
         Debug_DX9\SceneRenderer.obj
         Debug_DX9\SceneGraphUtil.obj
         Debug_DX9\SceneParam.obj
         Debug_DX9\SceneState.obj
         Debug_DX9\VectorCamera.obj
         Debug_DX9\izImage.obj
         Debug_DX9\izModel.obj
         Debug_DX9\AnimationBinder.obj
         Debug_DX9\AnimationInterface.obj
         Debug_DX9\AnimationInterp.obj
         Debug_DX9\AnimationUtil.obj
         Debug_DX9\izAnimation.obj
         Debug_DX9\PoseUpdater.obj
         Debug_DX9\AnimationLinearBlender.obj
         Debug_DX9\izMaterial.obj
         Debug_DX9\izMesh.obj
         Debug_DX9\MeshInstance.obj
         Debug_DX9\MeshSetInstance.obj
         Debug_DX9\MshMeshGroup.obj
         Debug_DX9\MshMeshSet.obj
         Debug_DX9\MshPrimitiveSet.obj
         Debug_DX9\izSkeleton.obj
         Debug_DX9\SkeletonInstance.obj
         Debug_DX9\SkeletonUtil.obj
         Debug_DX9\RenderGraph.obj
     1>AnimationInterface.obj : warning LNK4221: このオブジェクト ファイルは、以前に未定義であったパブリック シンボルを定義していないため、このライブラリを使用するリンク操作では使用されません
         SceneGraph.vcxproj -> D:\work\izanagi\Libs\project\vs2013\..\lib\Debug_DX9\SceneGraph.lib
     1>プロジェクト "D:\work\izanagi\Libs\project\vs2013\SceneGraph.vcxproj" (Build ターゲット) のビルドが完了しました。

ビルドに成功しました。

経過時間 00:00:19.08
