d:\work\izanagi\libs\project\lib\win32\debug_ogl\debugutil.pdb
d:\work\izanagi\libs\project\lib\win32\debug_ogl\debugutil.idb
d:\work\izanagi\libs\project\vs2013\win32\debug_ogl\debugfont.obj
d:\work\izanagi\libs\project\vs2013\win32\debug_ogl\debugmesh.obj
d:\work\izanagi\libs\project\vs2013\win32\debug_ogl\debugmeshaxis.obj
d:\work\izanagi\libs\project\vs2013\win32\debug_ogl\debugmeshbox.obj
d:\work\izanagi\libs\project\vs2013\win32\debug_ogl\debugmeshcylinder.obj
d:\work\izanagi\libs\project\vs2013\win32\debug_ogl\debugmeshfrustum.obj
d:\work\izanagi\libs\project\vs2013\win32\debug_ogl\debugmeshgrid.obj
d:\work\izanagi\libs\project\vs2013\win32\debug_ogl\debugmeshrectangle.obj
d:\work\izanagi\libs\project\vs2013\win32\debug_ogl\debugmeshscreenfillplane.obj
d:\work\izanagi\libs\project\vs2013\win32\debug_ogl\debugmeshsphere.obj
d:\work\izanagi\libs\project\vs2013\win32\debug_ogl\debugmeshtorus.obj
d:\work\izanagi\libs\project\vs2013\win32\debug_ogl\debugmeshwiredbox.obj
d:\work\izanagi\libs\project\lib\win32\debug_ogl\debugutil.lib
d:\work\izanagi\libs\project\vs2013\win32\debug_ogl\decal.obj
d:\work\izanagi\libs\project\vs2013\win32\debug_ogl\dependencyobject.obj
d:\work\izanagi\libs\project\vs2013\win32\debug_ogl\dependencypropertychangedeventargs.obj
d:\work\izanagi\libs\project\vs2013\win32\debug_ogl\easinginterpolator.obj
d:\work\izanagi\libs\project\vs2013\win32\debug_ogl\extendacksegment.obj
d:\work\izanagi\libs\project\vs2013\win32\debug_ogl\filestream_win32.obj
d:\work\izanagi\libs\project\vs2013\win32\debug_ogl\fontglyphcache.obj
d:\work\izanagi\libs\project\vs2013\win32\debug_ogl\fontglyphcacheimpl.obj
d:\work\izanagi\libs\project\vs2013\win32\debug_ogl\fonthostfnt.obj
d:\work\izanagi\libs\project\vs2013\win32\debug_ogl\fonthostft.obj
d:\work\izanagi\libs\project\vs2013\win32\debug_ogl\fontmap.obj
d:\work\izanagi\libs\project\vs2013\win32\debug_ogl\fontrenderer.obj
d:\work\izanagi\libs\project\vs2013\win32\debug_ogl\framebufferobject.obj
d:\work\izanagi\libs\project\vs2013\win32\debug_ogl\gesturedetector.obj
d:\work\izanagi\libs\project\vs2013\win32\debug_ogl\graphicsdevice.obj
d:\work\izanagi\libs\project\vs2013\win32\debug_ogl\graphicsdeviceresourcefuncs.obj
d:\work\izanagi\libs\project\vs2013\win32\debug_ogl\graphicsdevice_gles2.obj
d:\work\izanagi\libs\project\vs2013\win32\debug_ogl\graphicsdevice_ogl.obj
d:\work\izanagi\libs\project\vs2013\win32\debug_ogl\graphperf_gles2.obj
d:\work\izanagi\libs\project\vs2013\win32\debug_ogl\indexbuffer_gles2.obj
d:\work\izanagi\libs\project\vs2013\win32\debug_ogl\indexbuffer_ogl.obj
d:\work\izanagi\libs\project\vs2013\win32\debug_ogl\interpolator.obj
d:\work\izanagi\libs\project\vs2013\win32\debug_ogl\ipv4endpoint.obj
d:\work\izanagi\libs\project\vs2013\win32\debug_ogl\izanimation.obj
d:\work\izanagi\libs\project\vs2013\win32\debug_ogl\izimage.obj
d:\work\izanagi\libs\project\vs2013\win32\debug_ogl\izmaterial.obj
d:\work\izanagi\libs\project\vs2013\win32\debug_ogl\izmesh.obj
d:\work\izanagi\libs\project\vs2013\win32\debug_ogl\izmodel.obj
d:\work\izanagi\libs\project\vs2013\win32\debug_ogl\izskeleton.obj
d:\work\izanagi\libs\project\vs2013\win32\debug_ogl\linearinterpolator.obj
d:\work\izanagi\libs\project\vs2013\win32\debug_ogl\memoryallocator.obj
d:\work\izanagi\libs\project\vs2013\win32\debug_ogl\meshinstance.obj
d:\work\izanagi\libs\project\vs2013\win32\debug_ogl\meshsetinstance.obj
d:\work\izanagi\libs\project\vs2013\win32\debug_ogl\mshmeshgroup.obj
d:\work\izanagi\libs\project\vs2013\win32\debug_ogl\mshmeshset.obj
d:\work\izanagi\libs\project\vs2013\win32\debug_ogl\mshprimitiveset.obj
d:\work\izanagi\libs\project\vs2013\win32\debug_ogl\network _libuv.obj
d:\work\izanagi\libs\project\vs2013\win32\debug_ogl\networktcp_libuv.obj
d:\work\izanagi\libs\project\vs2013\win32\debug_ogl\networkudp_libuv.obj
d:\work\izanagi\libs\project\vs2013\win32\debug_ogl\octreeelement.obj
d:\work\izanagi\libs\project\vs2013\win32\debug_ogl\octreenode.obj
d:\work\izanagi\libs\project\vs2013\win32\debug_ogl\paragraph.obj
d:\work\izanagi\libs\project\vs2013\win32\debug_ogl\paragraphgroup.obj
d:\work\izanagi\libs\project\vs2013\win32\debug_ogl\paragraphgroupimpl.obj
d:\work\izanagi\libs\project\vs2013\win32\debug_ogl\paragraphimpl.obj
d:\work\izanagi\libs\project\vs2013\win32\debug_ogl\parallel.obj
d:\work\izanagi\libs\project\vs2013\win32\debug_ogl\paramvalueconverter_gles2.obj
d:\work\izanagi\libs\project\vs2013\win32\debug_ogl\pixelshader_gles2.obj
d:\work\izanagi\libs\project\vs2013\win32\debug_ogl\poseupdater.obj
d:\work\izanagi\libs\project\vs2013\win32\debug_ogl\posteffect.obj
d:\work\izanagi\libs\project\vs2013\win32\debug_ogl\posteffectfunctor.obj
d:\work\izanagi\libs\project\vs2013\win32\debug_ogl\posteffectfunctordefault.obj
d:\work\izanagi\libs\project\vs2013\win32\debug_ogl\posteffectfunctordof.obj
d:\work\izanagi\libs\project\vs2013\win32\debug_ogl\posteffectfunctormgf.obj
d:\work\izanagi\libs\project\vs2013\win32\debug_ogl\posteffectfunctorrenderstar.obj
d:\work\izanagi\libs\project\vs2013\win32\debug_ogl\posteffectfunctorswitchtex.obj
d:\work\izanagi\libs\project\vs2013\win32\debug_ogl\posteffectshader.obj
d:\work\izanagi\libs\project\vs2013\win32\debug_ogl\posteffectshaderpass.obj
d:\work\izanagi\libs\project\vs2013\win32\debug_ogl\posteffectshaderutil.obj
d:\work\izanagi\libs\project\vs2013\win32\debug_ogl\posteffectsystem.obj
d:\work\izanagi\libs\project\vs2013\win32\debug_ogl\posteffecttexturecreator.obj
d:\work\izanagi\libs\project\vs2013\win32\debug_ogl\posteffectutilityrect.obj
d:\work\izanagi\libs\project\vs2013\win32\debug_ogl\posteffectvs.obj
d:\work\izanagi\libs\project\vs2013\win32\debug_ogl\posteffectvsmanager.obj
d:\work\izanagi\libs\project\vs2013\win32\debug_ogl\reliableudp.obj
d:\work\izanagi\libs\project\vs2013\win32\debug_ogl\reliableudplistener.obj
d:\work\izanagi\libs\project\vs2013\win32\debug_ogl\rendergraph.obj
d:\work\izanagi\libs\project\vs2013\win32\debug_ogl\renderstate.obj
d:\work\izanagi\libs\project\vs2013\win32\debug_ogl\renderstate_gles2.obj
d:\work\izanagi\libs\project\vs2013\win32\debug_ogl\rendertarget_gles2.obj
d:\work\izanagi\libs\project\vs2013\win32\debug_ogl\replicatedproperty.obj
d:\work\izanagi\libs\project\vs2013\win32\debug_ogl\replicatedpropertymanager.obj
d:\work\izanagi\libs\project\vs2013\win32\debug_ogl\replicatedpropertyobject.obj
d:\work\izanagi\libs\project\vs2013\win32\debug_ogl\replicatedpropertyobjectclass.obj
d:\work\izanagi\libs\project\vs2013\win32\debug_ogl\resource.obj
d:\work\izanagi\libs\project\vs2013\win32\debug_ogl\resourcemanager.obj
d:\work\izanagi\libs\project\vs2013\win32\debug_ogl\scenegraphutil.obj
d:\work\izanagi\libs\project\vs2013\win32\debug_ogl\sceneparam.obj
d:\work\izanagi\libs\project\vs2013\win32\debug_ogl\scenerenderer.obj
d:\work\izanagi\libs\project\vs2013\win32\debug_ogl\scenestate.obj
d:\work\izanagi\libs\project\vs2013\win32\debug_ogl\segment.obj
d:\work\izanagi\libs\project\vs2013\win32\debug_ogl\shaderattrtable.obj
d:\work\izanagi\libs\project\vs2013\win32\debug_ogl\shaderbasic.obj
d:\work\izanagi\libs\project\vs2013\win32\debug_ogl\shadermanager.obj
d:\work\izanagi\libs\project\vs2013\win32\debug_ogl\shaderparametertable.obj
d:\work\izanagi\libs\project\vs2013\win32\debug_ogl\shaderpass.obj
d:\work\izanagi\libs\project\vs2013\win32\debug_ogl\shaderpasstable.obj
d:\work\izanagi\libs\project\vs2013\win32\debug_ogl\shaderprogram.obj
d:\work\izanagi\libs\project\vs2013\win32\debug_ogl\shaderprogram_gles2.obj
d:\work\izanagi\libs\project\vs2013\win32\debug_ogl\shadersamplertable.obj
d:\work\izanagi\libs\project\vs2013\win32\debug_ogl\shaderutil.obj
d:\work\izanagi\libs\project\vs2013\win32\debug_ogl\simplememoryallocator.obj
d:\work\izanagi\libs\project\vs2013\win32\debug_ogl\skeletoninstance.obj
d:\work\izanagi\libs\project\vs2013\win32\debug_ogl\skeletonutil.obj
d:\work\izanagi\libs\project\vs2013\win32\debug_ogl\splineinterpolator.obj
d:\work\izanagi\libs\project\vs2013\win32\debug_ogl\standardmemoryallocator.obj
d:\work\izanagi\libs\project\vs2013\win32\debug_ogl\stdbase64.obj
d:\work\izanagi\libs\project\vs2013\win32\debug_ogl\stdbitstream.obj
d:\work\izanagi\libs\project\vs2013\win32\debug_ogl\stdcolor.obj
d:\work\izanagi\libs\project\vs2013\win32\debug_ogl\stdkey.obj
d:\work\izanagi\libs\project\vs2013\win32\debug_ogl\stdlog.obj
d:\work\izanagi\libs\project\vs2013\win32\debug_ogl\stdprofiler.obj
d:\work\izanagi\libs\project\vs2013\win32\debug_ogl\stdutf.obj
d:\work\izanagi\libs\project\vs2013\win32\debug_ogl\stlmemoryallocator.obj
d:\work\izanagi\libs\project\vs2013\win32\debug_ogl\storyboard.obj
d:\work\izanagi\libs\project\vs2013\win32\debug_ogl\synchronoussegment.obj
d:\work\izanagi\libs\project\vs2013\win32\debug_ogl\sysenvironment_win32 .obj
d:\work\izanagi\libs\project\vs2013\win32\debug_ogl\sysevent.obj
d:\work\izanagi\libs\project\vs2013\win32\debug_ogl\syssemaphore.obj
d:\work\izanagi\libs\project\vs2013\win32\debug_ogl\systhread.obj
d:\work\izanagi\libs\project\vs2013\win32\debug_ogl\systimer_win32.obj
d:\work\izanagi\libs\project\vs2013\win32\debug_ogl\sysutil_win32.obj
d:\work\izanagi\libs\project\vs2013\win32\debug_ogl\syswindow_glut.obj
d:\work\izanagi\libs\project\vs2013\win32\debug_ogl\textline.obj
d:\work\izanagi\libs\project\vs2013\win32\debug_ogl\textlineimpl.obj
d:\work\izanagi\libs\project\vs2013\win32\debug_ogl\texture_gles2.obj
d:\work\izanagi\libs\project\vs2013\win32\debug_ogl\threadmodeljob.obj
d:\work\izanagi\libs\project\vs2013\win32\debug_ogl\threadmodeljobqueue.obj
d:\work\izanagi\libs\project\vs2013\win32\debug_ogl\threadmodeljobworker.obj
d:\work\izanagi\libs\project\vs2013\win32\debug_ogl\threadmodelmessagequeue.obj
d:\work\izanagi\libs\project\vs2013\win32\debug_ogl\threadmodeltask.obj
d:\work\izanagi\libs\project\vs2013\win32\debug_ogl\threadpool.obj
d:\work\izanagi\libs\project\vs2013\win32\debug_ogl\timeline.obj
d:\work\izanagi\libs\project\vs2013\win32\debug_ogl\timerthread.obj
d:\work\izanagi\libs\project\vs2013\win32\debug_ogl\touchinput.obj
d:\work\izanagi\libs\project\vs2013\win32\debug_ogl\tweener.obj
d:\work\izanagi\libs\project\vs2013\win32\debug_ogl\tweenerutility.obj
d:\work\izanagi\libs\project\vs2013\win32\debug_ogl\ustring.obj
d:\work\izanagi\libs\project\vs2013\win32\debug_ogl\vectorcamera.obj
d:\work\izanagi\libs\project\vs2013\win32\debug_ogl\velocitytracker.obj
d:\work\izanagi\libs\project\vs2013\win32\debug_ogl\vertexbuffer_gles2.obj
d:\work\izanagi\libs\project\vs2013\win32\debug_ogl\vertexbuffer_ogl.obj
d:\work\izanagi\libs\project\vs2013\win32\debug_ogl\vertexdeclaration_gles2.obj
d:\work\izanagi\libs\project\vs2013\win32\debug_ogl\vertexdeclaration_ogl.obj
d:\work\izanagi\libs\project\vs2013\win32\debug_ogl\vertexshader_gles2.obj
d:\work\izanagi\libs\project\vs2013\..\lib\win32\debug_ogl\debugutil.pdb
d:\work\izanagi\libs\project\vs2013\..\lib\win32\debug_ogl\debugutil.lib
d:\work\izanagi\libs\project\vs2013\win32\debug_ogl\debugutil.tlog\cl.command.1.tlog
d:\work\izanagi\libs\project\vs2013\win32\debug_ogl\debugutil.tlog\cl.read.1.tlog
d:\work\izanagi\libs\project\vs2013\win32\debug_ogl\debugutil.tlog\cl.write.1.tlog
d:\work\izanagi\libs\project\vs2013\win32\debug_ogl\debugutil.tlog\lib-link.read.1.tlog
d:\work\izanagi\libs\project\vs2013\win32\debug_ogl\debugutil.tlog\lib-link.write.1.tlog
d:\work\izanagi\libs\project\vs2013\win32\debug_ogl\debugutil.tlog\lib.command.1.tlog
