d:\work\izanagi\libs\project\lib\win32\debug_ogl\graph.pdb
d:\work\izanagi\libs\project\lib\win32\debug_ogl\graph.idb
d:\work\izanagi\libs\project\vs2013\win32\debug_ogl\graphicsdevice_gles2.obj
d:\work\izanagi\libs\project\vs2013\win32\debug_ogl\graphperf_gles2.obj
d:\work\izanagi\libs\project\vs2013\win32\debug_ogl\indexbuffer_gles2.obj
d:\work\izanagi\libs\project\vs2013\win32\debug_ogl\paramvalueconverter_gles2.obj
d:\work\izanagi\libs\project\vs2013\win32\debug_ogl\pixelshader_gles2.obj
d:\work\izanagi\libs\project\vs2013\win32\debug_ogl\renderstate_gles2.obj
d:\work\izanagi\libs\project\vs2013\win32\debug_ogl\rendertarget_gles2.obj
d:\work\izanagi\libs\project\vs2013\win32\debug_ogl\shaderprogram_gles2.obj
d:\work\izanagi\libs\project\vs2013\win32\debug_ogl\texture_gles2.obj
d:\work\izanagi\libs\project\vs2013\win32\debug_ogl\vertexbuffer_gles2.obj
d:\work\izanagi\libs\project\vs2013\win32\debug_ogl\vertexdeclaration_gles2.obj
d:\work\izanagi\libs\project\vs2013\win32\debug_ogl\vertexshader_gles2.obj
d:\work\izanagi\libs\project\vs2013\win32\debug_ogl\graphicsdevice.obj
d:\work\izanagi\libs\project\vs2013\win32\debug_ogl\2drenderer.obj
d:\work\izanagi\libs\project\vs2013\win32\debug_ogl\graphicsdevice_ogl.obj
d:\work\izanagi\libs\project\vs2013\win32\debug_ogl\indexbuffer_ogl.obj
d:\work\izanagi\libs\project\vs2013\win32\debug_ogl\vertexbuffer_ogl.obj
d:\work\izanagi\libs\project\vs2013\win32\debug_ogl\vertexdeclaration_ogl.obj
d:\work\izanagi\libs\project\vs2013\win32\debug_ogl\renderstate.obj
d:\work\izanagi\libs\project\vs2013\win32\debug_ogl\shaderprogram.obj
d:\work\izanagi\libs\project\vs2013\win32\debug_ogl\2dshader.obj
d:\work\izanagi\libs\project\vs2013\win32\debug_ogl\bufferbase.obj
d:\work\izanagi\libs\project\vs2013\win32\debug_ogl\2dshader_gles2.obj
d:\work\izanagi\libs\project\vs2013\win32\debug_ogl\cubetexture_gles2.obj
d:\work\izanagi\libs\project\vs2013\win32\debug_ogl\framebufferobject.obj
d:\work\izanagi\libs\project\vs2013\win32\debug_ogl\graphicsdeviceresourcefuncs.obj
d:\work\izanagi\libs\source\graph\gles2\2dps_opvtx.ps
d:\work\izanagi\libs\source\graph\gles2\2dvs.vs
d:\work\izanagi\libs\project\lib\win32\debug_ogl\graph.lib
d:\work\izanagi\libs\project\vs2013\..\lib\win32\debug_ogl\graph.pdb
d:\work\izanagi\libs\project\vs2013\..\lib\win32\debug_ogl\graph.lib
d:\work\izanagi\libs\project\vs2013\win32\debug_ogl\graph.tlog\cl.command.1.tlog
d:\work\izanagi\libs\project\vs2013\win32\debug_ogl\graph.tlog\cl.read.1.tlog
d:\work\izanagi\libs\project\vs2013\win32\debug_ogl\graph.tlog\cl.write.1.tlog
d:\work\izanagi\libs\project\vs2013\win32\debug_ogl\graph.tlog\custombuild.command.1.tlog
d:\work\izanagi\libs\project\vs2013\win32\debug_ogl\graph.tlog\custombuild.read.1.tlog
d:\work\izanagi\libs\project\vs2013\win32\debug_ogl\graph.tlog\custombuild.write.1.tlog
d:\work\izanagi\libs\project\vs2013\win32\debug_ogl\graph.tlog\lib-link.read.1.tlog
d:\work\izanagi\libs\project\vs2013\win32\debug_ogl\graph.tlog\lib-link.write.1.tlog
d:\work\izanagi\libs\project\vs2013\win32\debug_ogl\graph.tlog\lib.command.1.tlog
