2017/01/08 17:09:21 にビルドを開始しました。
     1>ノード 2 上のプロジェクト "D:\work\izanagi\Libs\project\vs2013\Math.vcxproj" (Build ターゲット)。
     1>C:\Program Files (x86)\MSBuild\Microsoft.Cpp\v4.0\V120\Microsoft.CppBuild.targets(388,5): warning MSB8028: The intermediate directory (Win32\Debug_OGL\) contains files shared from another project (Animation.vcxproj, Collision.vcxproj, DebugUtil.vcxproj, Engine.vcxproj, Graph.vcxproj, Network.vcxproj, PostEffect.vcxproj, Resource.vcxproj, SceneGraph.vcxproj, Shader.vcxproj, Std.vcxproj, System.vcxproj, Terra.vcxproj, Text.vcxproj, ThreadModel.vcxproj, UI.vcxproj).  This can lead to incorrect clean and rebuild behavior.
     1>ClCompile:
         C:\Program Files (x86)\Microsoft Visual Studio 12.0\VC\bin\CL.exe /c /I../../include /I..\..\..\External\glew\include /I..\..\..\External\freeglut\include /I..\..\..\External\glfw\include /Zi /nologo /W3 /WX- /Od /Oy- /D WIN32 /D _DEBUG /D _LIB /D __IZ_DEBUG__ /D __IZ_OGL__ /D __IZ_GLUT__ /D __IZANAGI_NO_USE_D3D__ /D _XKEYCHECK_H /D _MBCS /Gm /EHsc /RTC1 /MTd /GS /fp:precise /Zc:wchar_t /Zc:forScope /Fo"Win32\Debug_OGL\\" /Fd"D:\work\izanagi\Libs\project\vs2013\..\lib\Win32\Debug_OGL\Math.pdb" /Gd /TP /wd4819 /analyze- /errorReport:prompt ..\..\source\math\MathCurve.cpp ..\..\source\math\MathPlane.cpp ..\..\source\math\MathRectangle.cpp ..\..\source\math\MathTriangle.cpp
         MathCurve.cpp
         コードを生成中...
         スキップ中... (関連する変更は検出されませんでした)
         MathTriangle.cpp
         MathRectangle.cpp
         MathPlane.cpp
       Lib:
         C:\Program Files (x86)\Microsoft Visual Studio 12.0\VC\bin\Lib.exe /OUT:"D:\work\izanagi\Libs\project\vs2013\..\lib\Win32\Debug_OGL\Math.lib" /NOLOGO Win32\Debug_OGL\MathCurve.obj
         Win32\Debug_OGL\MathMatrix33.obj
         Win32\Debug_OGL\MathMatrix44.obj
         Win32\Debug_OGL\MathPlane.obj
         Win32\Debug_OGL\MathRay.obj
         Win32\Debug_OGL\MathRectangle.obj
         Win32\Debug_OGL\MathTriangle.obj
         Win32\Debug_OGL\SFMT.obj
         Win32\Debug_OGL\MathNumericalAnlysis.obj
         Math.vcxproj -> D:\work\izanagi\Libs\project\vs2013\..\lib\Win32\Debug_OGL\Math.lib
     1>プロジェクト "D:\work\izanagi\Libs\project\vs2013\Math.vcxproj" (Build ターゲット) のビルドが完了しました。

ビルドに成功しました。

経過時間 00:00:01.80
