d:\work\izanagi\libs\project\lib\win32\debug_ogl\scenegraph.pdb
d:\work\izanagi\libs\project\lib\win32\debug_ogl\scenegraph.idb
d:\work\izanagi\libs\project\vs2013\win32\debug_ogl\izimage.obj
d:\work\izanagi\libs\project\vs2013\win32\debug_ogl\izmodel.obj
d:\work\izanagi\libs\project\vs2013\win32\debug_ogl\animationbinder.obj
d:\work\izanagi\libs\project\vs2013\win32\debug_ogl\animationinterface.obj
d:\work\izanagi\libs\project\vs2013\win32\debug_ogl\animationinterp.obj
d:\work\izanagi\libs\project\vs2013\win32\debug_ogl\animationutil.obj
d:\work\izanagi\libs\project\vs2013\win32\debug_ogl\izanimation.obj
d:\work\izanagi\libs\project\vs2013\win32\debug_ogl\poseupdater.obj
d:\work\izanagi\libs\project\vs2013\win32\debug_ogl\animationlinearblender.obj
d:\work\izanagi\libs\project\vs2013\win32\debug_ogl\izmaterial.obj
d:\work\izanagi\libs\project\vs2013\win32\debug_ogl\izmesh.obj
d:\work\izanagi\libs\project\vs2013\win32\debug_ogl\meshinstance.obj
d:\work\izanagi\libs\project\vs2013\win32\debug_ogl\meshsetinstance.obj
d:\work\izanagi\libs\project\vs2013\win32\debug_ogl\mshmeshgroup.obj
d:\work\izanagi\libs\project\vs2013\win32\debug_ogl\mshmeshset.obj
d:\work\izanagi\libs\project\vs2013\win32\debug_ogl\mshprimitiveset.obj
d:\work\izanagi\libs\project\vs2013\win32\debug_ogl\izskeleton.obj
d:\work\izanagi\libs\project\vs2013\win32\debug_ogl\skeletoninstance.obj
d:\work\izanagi\libs\project\vs2013\win32\debug_ogl\skeletonutil.obj
d:\work\izanagi\libs\project\vs2013\win32\debug_ogl\rendergraph.obj
d:\work\izanagi\libs\project\vs2013\win32\debug_ogl\camera.obj
d:\work\izanagi\libs\project\vs2013\win32\debug_ogl\decal.obj
d:\work\izanagi\libs\project\vs2013\win32\debug_ogl\scenerenderer.obj
d:\work\izanagi\libs\project\vs2013\win32\debug_ogl\scenegraphutil.obj
d:\work\izanagi\libs\project\vs2013\win32\debug_ogl\sceneparam.obj
d:\work\izanagi\libs\project\vs2013\win32\debug_ogl\scenestate.obj
d:\work\izanagi\libs\project\vs2013\win32\debug_ogl\vectorcamera.obj
d:\work\izanagi\libs\project\lib\win32\debug_ogl\scenegraph.lib
d:\work\izanagi\libs\project\vs2013\win32\debug_ogl\mathcurve.obj
d:\work\izanagi\libs\project\vs2013\win32\debug_ogl\mathmatrix33.obj
d:\work\izanagi\libs\project\vs2013\win32\debug_ogl\mathmatrix44.obj
d:\work\izanagi\libs\project\vs2013\win32\debug_ogl\mathnumericalanlysis.obj
d:\work\izanagi\libs\project\vs2013\win32\debug_ogl\mathplane.obj
d:\work\izanagi\libs\project\vs2013\win32\debug_ogl\mathray.obj
d:\work\izanagi\libs\project\vs2013\win32\debug_ogl\mathrectangle.obj
d:\work\izanagi\libs\project\vs2013\win32\debug_ogl\mathtriangle.obj
d:\work\izanagi\libs\project\vs2013\win32\debug_ogl\sfmt.obj
d:\work\izanagi\libs\project\vs2013\..\lib\win32\debug_ogl\scenegraph.pdb
d:\work\izanagi\libs\project\vs2013\..\lib\win32\debug_ogl\scenegraph.lib
d:\work\izanagi\libs\project\vs2013\win32\debug_ogl\scenegraph.tlog\cl.command.1.tlog
d:\work\izanagi\libs\project\vs2013\win32\debug_ogl\scenegraph.tlog\cl.read.1.tlog
d:\work\izanagi\libs\project\vs2013\win32\debug_ogl\scenegraph.tlog\cl.write.1.tlog
d:\work\izanagi\libs\project\vs2013\win32\debug_ogl\scenegraph.tlog\lib-link.read.1.tlog
d:\work\izanagi\libs\project\vs2013\win32\debug_ogl\scenegraph.tlog\lib-link.write.1.tlog
d:\work\izanagi\libs\project\vs2013\win32\debug_ogl\scenegraph.tlog\lib.command.1.tlog
