d:\work\izanagi\libs\project\lib\win32\debug_ogl\shader.pdb
d:\work\izanagi\libs\project\lib\win32\debug_ogl\shader.idb
d:\work\izanagi\libs\project\vs2013\win32\debug_ogl\shaderpass.obj
d:\work\izanagi\libs\project\vs2013\win32\debug_ogl\shaderattrtable.obj
d:\work\izanagi\libs\project\vs2013\win32\debug_ogl\shaderparametertable.obj
d:\work\izanagi\libs\project\vs2013\win32\debug_ogl\shaderpasstable.obj
d:\work\izanagi\libs\project\vs2013\win32\debug_ogl\shadersamplertable.obj
d:\work\izanagi\libs\project\vs2013\win32\debug_ogl\shadermanager.obj
d:\work\izanagi\libs\project\vs2013\win32\debug_ogl\shaderbasic.obj
d:\work\izanagi\libs\project\vs2013\win32\debug_ogl\shaderutil.obj
d:\work\izanagi\libs\project\lib\win32\debug_ogl\shader.lib
d:\work\izanagi\libs\project\vs2013\win32\debug_ogl\bindingoperations.obj
d:\work\izanagi\libs\project\vs2013\win32\debug_ogl\chunkedmemoryallocator.obj
d:\work\izanagi\libs\project\vs2013\win32\debug_ogl\dependencyobject.obj
d:\work\izanagi\libs\project\vs2013\win32\debug_ogl\dependencypropertychangedeventargs.obj
d:\work\izanagi\libs\project\vs2013\win32\debug_ogl\simplememoryallocator.obj
d:\work\izanagi\libs\project\vs2013\win32\debug_ogl\standardmemoryallocator.obj
d:\work\izanagi\libs\project\vs2013\win32\debug_ogl\stdbase64.obj
d:\work\izanagi\libs\project\vs2013\win32\debug_ogl\stdbitstream.obj
d:\work\izanagi\libs\project\vs2013\win32\debug_ogl\stdcolor.obj
d:\work\izanagi\libs\project\vs2013\win32\debug_ogl\stdkey.obj
d:\work\izanagi\libs\project\vs2013\win32\debug_ogl\stdlog.obj
d:\work\izanagi\libs\project\vs2013\win32\debug_ogl\stdprofiler.obj
d:\work\izanagi\libs\project\vs2013\win32\debug_ogl\stdutf.obj
d:\work\izanagi\libs\project\vs2013\win32\debug_ogl\stlmemoryallocator.obj
d:\work\izanagi\libs\project\vs2013\..\lib\win32\debug_ogl\shader.pdb
d:\work\izanagi\libs\project\vs2013\..\lib\win32\debug_ogl\shader.lib
d:\work\izanagi\libs\project\vs2013\win32\debug_ogl\shader.tlog\cl.command.1.tlog
d:\work\izanagi\libs\project\vs2013\win32\debug_ogl\shader.tlog\cl.read.1.tlog
d:\work\izanagi\libs\project\vs2013\win32\debug_ogl\shader.tlog\cl.write.1.tlog
d:\work\izanagi\libs\project\vs2013\win32\debug_ogl\shader.tlog\lib-link.read.1.tlog
d:\work\izanagi\libs\project\vs2013\win32\debug_ogl\shader.tlog\lib-link.write.1.tlog
d:\work\izanagi\libs\project\vs2013\win32\debug_ogl\shader.tlog\lib.command.1.tlog
