d:\work\izanagi\libs\project\lib\win32\debug_ogl\std.pdb
d:\work\izanagi\libs\project\lib\win32\debug_ogl\std.idb
d:\work\izanagi\libs\project\vs2013\win32\debug_ogl\blockmemoryallocator.obj
d:\work\izanagi\libs\project\vs2013\win32\debug_ogl\memoryallocator.obj
d:\work\izanagi\libs\project\vs2013\win32\debug_ogl\binding.obj
d:\work\izanagi\libs\project\vs2013\win32\debug_ogl\bindingexpression.obj
d:\work\izanagi\libs\project\vs2013\win32\debug_ogl\bindingoperations.obj
d:\work\izanagi\libs\project\vs2013\win32\debug_ogl\dependencyobject.obj
d:\work\izanagi\libs\project\vs2013\win32\debug_ogl\dependencypropertychangedeventargs.obj
d:\work\izanagi\libs\project\vs2013\win32\debug_ogl\stdbase64.obj
d:\work\izanagi\libs\project\vs2013\win32\debug_ogl\stdbitstream.obj
d:\work\izanagi\libs\project\vs2013\win32\debug_ogl\stdcolor.obj
d:\work\izanagi\libs\project\vs2013\win32\debug_ogl\stdkey.obj
d:\work\izanagi\libs\project\vs2013\win32\debug_ogl\stdlog.obj
d:\work\izanagi\libs\project\vs2013\win32\debug_ogl\stdprofiler.obj
d:\work\izanagi\libs\project\vs2013\win32\debug_ogl\stdutf.obj
d:\work\izanagi\libs\project\vs2013\win32\debug_ogl\chunkedmemoryallocator.obj
d:\work\izanagi\libs\project\vs2013\win32\debug_ogl\simplememoryallocator.obj
d:\work\izanagi\libs\project\vs2013\win32\debug_ogl\standardmemoryallocator.obj
d:\work\izanagi\libs\project\vs2013\win32\debug_ogl\stlmemoryallocator.obj
d:\work\izanagi\libs\project\lib\win32\debug_ogl\std.lib
d:\work\izanagi\libs\project\vs2013\..\lib\win32\debug_ogl\std.pdb
d:\work\izanagi\libs\project\vs2013\..\lib\win32\debug_ogl\std.lib
d:\work\izanagi\libs\project\vs2013\win32\debug_ogl\std.tlog\cl.command.1.tlog
d:\work\izanagi\libs\project\vs2013\win32\debug_ogl\std.tlog\cl.read.1.tlog
d:\work\izanagi\libs\project\vs2013\win32\debug_ogl\std.tlog\cl.write.1.tlog
d:\work\izanagi\libs\project\vs2013\win32\debug_ogl\std.tlog\lib-link.read.1.tlog
d:\work\izanagi\libs\project\vs2013\win32\debug_ogl\std.tlog\lib-link.write.1.tlog
d:\work\izanagi\libs\project\vs2013\win32\debug_ogl\std.tlog\lib.command.1.tlog
