d:\work\izanagi\libs\project\lib\win32\debug_ogl\system.pdb
d:\work\izanagi\libs\project\lib\win32\debug_ogl\system.idb
d:\work\izanagi\libs\project\vs2013\win32\debug_ogl\sysevent.obj
d:\work\izanagi\libs\project\vs2013\win32\debug_ogl\syssemaphore.obj
d:\work\izanagi\libs\project\vs2013\win32\debug_ogl\systhread.obj
d:\work\izanagi\libs\project\vs2013\win32\debug_ogl\syswindow_glut.obj
d:\work\izanagi\libs\project\vs2013\win32\debug_ogl\touchinput.obj
d:\work\izanagi\libs\project\vs2013\win32\debug_ogl\filestream_win32.obj
d:\work\izanagi\libs\project\vs2013\win32\debug_ogl\sysenvironment_win32 .obj
d:\work\izanagi\libs\project\vs2013\win32\debug_ogl\systimer_win32.obj
d:\work\izanagi\libs\project\vs2013\win32\debug_ogl\sysutil_win32.obj
d:\work\izanagi\libs\project\lib\win32\debug_ogl\system.lib
d:\work\izanagi\libs\project\vs2013\win32\debug_ogl\graph.vcxprojresolveassemblyreference.cache
d:\work\izanagi\libs\project\vs2013\win32\debug_ogl\binding.obj
d:\work\izanagi\libs\project\vs2013\win32\debug_ogl\bindingexpression.obj
d:\work\izanagi\libs\project\vs2013\win32\debug_ogl\bindingoperations.obj
d:\work\izanagi\libs\project\vs2013\win32\debug_ogl\blockmemoryallocator.obj
d:\work\izanagi\libs\project\vs2013\win32\debug_ogl\chunkedmemoryallocator.obj
d:\work\izanagi\libs\project\vs2013\win32\debug_ogl\debugfont.obj
d:\work\izanagi\libs\project\vs2013\win32\debug_ogl\debugmesh.obj
d:\work\izanagi\libs\project\vs2013\win32\debug_ogl\debugmeshaxis.obj
d:\work\izanagi\libs\project\vs2013\win32\debug_ogl\debugmeshbox.obj
d:\work\izanagi\libs\project\vs2013\win32\debug_ogl\debugmeshcylinder.obj
d:\work\izanagi\libs\project\vs2013\win32\debug_ogl\debugmeshfrustum.obj
d:\work\izanagi\libs\project\vs2013\win32\debug_ogl\debugmeshgrid.obj
d:\work\izanagi\libs\project\vs2013\win32\debug_ogl\debugmeshrectangle.obj
d:\work\izanagi\libs\project\vs2013\win32\debug_ogl\debugmeshscreenfillplane.obj
d:\work\izanagi\libs\project\vs2013\win32\debug_ogl\debugmeshsphere.obj
d:\work\izanagi\libs\project\vs2013\win32\debug_ogl\debugmeshtorus.obj
d:\work\izanagi\libs\project\vs2013\win32\debug_ogl\debugmeshwiredbox.obj
d:\work\izanagi\libs\project\vs2013\win32\debug_ogl\dependencyobject.obj
d:\work\izanagi\libs\project\vs2013\win32\debug_ogl\dependencypropertychangedeventargs.obj
d:\work\izanagi\libs\project\vs2013\win32\debug_ogl\memoryallocator.obj
d:\work\izanagi\libs\project\vs2013\win32\debug_ogl\simplememoryallocator.obj
d:\work\izanagi\libs\project\vs2013\win32\debug_ogl\standardmemoryallocator.obj
d:\work\izanagi\libs\project\vs2013\win32\debug_ogl\stdbase64.obj
d:\work\izanagi\libs\project\vs2013\win32\debug_ogl\stdbitstream.obj
d:\work\izanagi\libs\project\vs2013\win32\debug_ogl\stdcolor.obj
d:\work\izanagi\libs\project\vs2013\win32\debug_ogl\stdkey.obj
d:\work\izanagi\libs\project\vs2013\win32\debug_ogl\stdlog.obj
d:\work\izanagi\libs\project\vs2013\win32\debug_ogl\stdprofiler.obj
d:\work\izanagi\libs\project\vs2013\win32\debug_ogl\stdutf.obj
d:\work\izanagi\libs\project\vs2013\win32\debug_ogl\stlmemoryallocator.obj
d:\work\izanagi\libs\project\vs2013\..\lib\win32\debug_ogl\system.pdb
d:\work\izanagi\libs\project\vs2013\..\lib\win32\debug_ogl\system.lib
d:\work\izanagi\libs\project\vs2013\win32\debug_ogl\system.tlog\cl.command.1.tlog
d:\work\izanagi\libs\project\vs2013\win32\debug_ogl\system.tlog\cl.read.1.tlog
d:\work\izanagi\libs\project\vs2013\win32\debug_ogl\system.tlog\cl.write.1.tlog
d:\work\izanagi\libs\project\vs2013\win32\debug_ogl\system.tlog\lib-link.read.1.tlog
d:\work\izanagi\libs\project\vs2013\win32\debug_ogl\system.tlog\lib-link.write.1.tlog
d:\work\izanagi\libs\project\vs2013\win32\debug_ogl\system.tlog\lib.command.1.tlog
