2016/11/23 16:10:54 にビルドを開始しました。
     1>ノード 2 上のプロジェクト "D:\work\izanagi\Libs\project\vs2013\PostEffect.vcxproj" (Build ターゲット)。
     1>C:\Program Files (x86)\MSBuild\Microsoft.Cpp\v4.0\V120\Microsoft.CppBuild.targets(388,5): warning MSB8028: The intermediate directory (Win32\Debug_DX9\) contains files shared from another project (Animation.vcxproj, Collision.vcxproj, DebugUtil.vcxproj, Graph.vcxproj, Math.vcxproj, Network.vcxproj, Resource.vcxproj, SceneGraph.vcxproj, Shader.vcxproj, Std.vcxproj, System.vcxproj, Terra.vcxproj, Text.vcxproj, ThreadModel.vcxproj, UI.vcxproj).  This can lead to incorrect clean and rebuild behavior.
     1>ClCompile:
         C:\Program Files (x86)\Microsoft Visual Studio 12.0\VC\bin\CL.exe /c /I../../include /Zi /nologo /W3 /WX- /Od /Oy- /D WIN32 /D _DEBUG /D _LIB /D D3D_DEBUG_INFO /D __IZ_DEBUG__ /D __IZ_DX9__ /D _XKEYCHECK_H /D _MBCS /Gm /EHsc /RTC1 /MTd /GS /fp:precise /Zc:wchar_t /Zc:forScope /Fo"Win32\Debug_DX9\\" /Fd"D:\work\izanagi\Libs\project\vs2013\..\lib\Win32\Debug_DX9\PostEffect.pdb" /Gd /TP /wd4819 /analyze- /errorReport:prompt ..\..\source\posteffect\PostEffectShader.cpp
         PostEffectShader.cpp
       Lib:
         C:\Program Files (x86)\Microsoft Visual Studio 12.0\VC\bin\Lib.exe /OUT:"D:\work\izanagi\Libs\project\vs2013\..\lib\Win32\Debug_DX9\PostEffect.lib" /NOLOGO Win32\Debug_DX9\PostEffect.obj
         Win32\Debug_DX9\PostEffectShader.obj
         Win32\Debug_DX9\PostEffectShaderPass.obj
         Win32\Debug_DX9\PostEffectSystem.obj
         Win32\Debug_DX9\PostEffectTextureCreator.obj
         Win32\Debug_DX9\PostEffectFunctor.obj
         Win32\Debug_DX9\PostEffectFunctorDefault.obj
         Win32\Debug_DX9\PostEffectFunctorDOF.obj
         Win32\Debug_DX9\PostEffectFunctorMGF.obj
         Win32\Debug_DX9\PostEffectFunctorRenderStar.obj
         Win32\Debug_DX9\PostEffectFunctorSwitchTex.obj
         Win32\Debug_DX9\PostEffectShaderUtil.obj
         Win32\Debug_DX9\PostEffectUtilityRect.obj
         Win32\Debug_DX9\PostEffectVS.obj
         Win32\Debug_DX9\PostEffectVSManager.obj
     1>PostEffectShaderUtil.obj : warning LNK4221: このオブジェクト ファイルは、以前に未定義であったパブリック シンボルを定義していないため、このライブラリを使用するリンク操作では使用されません
         PostEffect.vcxproj -> D:\work\izanagi\Libs\project\vs2013\..\lib\Win32\Debug_DX9\PostEffect.lib
     1>プロジェクト "D:\work\izanagi\Libs\project\vs2013\PostEffect.vcxproj" (Build ターゲット) のビルドが完了しました。

ビルドに成功しました。

経過時間 00:00:01.35
